[   103.364] (--) Log file renamed from "/home/yakeen/.local/share/xorg/Xorg.pid-1397.log" to "/home/yakeen/.local/share/xorg/Xorg.0.log"
[   103.364] 
X.Org X Server 1.20.9
X Protocol Version 11, Revision 0
[   103.365] Build Operating System: Linux 4.15.0-130-generic x86_64 Ubuntu
[   103.365] Current Operating System: Linux yakeen-Aspire-E1-531G 5.8.0-43-generic #49~20.04.1-Ubuntu SMP Fri Feb 5 09:57:56 UTC 2021 x86_64
[   103.365] Kernel command line: BOOT_IMAGE=/boot/vmlinuz-5.8.0-43-generic root=UUID=641bcb27-9a0c-4f77-a4ed-ce3b65096d5c ro quiet splash vt.handoff=7
[   103.366] Build Date: 17 January 2021  09:13:31AM
[   103.366] xorg-server 2:1.20.9-2ubuntu1.2~20.04.1 (For technical support please see http://www.ubuntu.com/support) 
[   103.366] Current version of pixman: 0.38.4
[   103.366] 	Before reporting problems, check http://wiki.x.org
	to make sure that you have the latest version.
[   103.366] Markers: (--) probed, (**) from config file, (==) default setting,
	(++) from command line, (!!) notice, (II) informational,
	(WW) warning, (EE) error, (NI) not implemented, (??) unknown.
[   103.366] (==) Log file: "/home/yakeen/.local/share/xorg/Xorg.0.log", Time: Sat Mar  6 08:07:22 2021
[   103.397] (==) Using system config directory "/usr/share/X11/xorg.conf.d"
[   103.408] (==) No Layout section.  Using the first Screen section.
[   103.408] (==) No screen section available. Using defaults.
[   103.408] (**) |-->Screen "Default Screen Section" (0)
[   103.408] (**) |   |-->Monitor "<default monitor>"
[   103.409] (==) No monitor specified for screen "Default Screen Section".
	Using a default monitor configuration.
[   103.409] (==) Automatically adding devices
[   103.409] (==) Automatically enabling devices
[   103.409] (==) Automatically adding GPU devices
[   103.409] (==) Automatically binding GPU devices
[   103.409] (==) Max clients allowed: 256, resource mask: 0x1fffff
[   103.409] (WW) The directory "/usr/share/fonts/X11/cyrillic" does not exist.
[   103.409] 	Entry deleted from font path.
[   103.409] (WW) The directory "/usr/share/fonts/X11/100dpi/" does not exist.
[   103.409] 	Entry deleted from font path.
[   103.409] (WW) The directory "/usr/share/fonts/X11/75dpi/" does not exist.
[   103.409] 	Entry deleted from font path.
[   103.409] (WW) The directory "/usr/share/fonts/X11/100dpi" does not exist.
[   103.409] 	Entry deleted from font path.
[   103.409] (WW) The directory "/usr/share/fonts/X11/75dpi" does not exist.
[   103.409] 	Entry deleted from font path.
[   103.409] (==) FontPath set to:
	/usr/share/fonts/X11/misc,
	/usr/share/fonts/X11/Type1,
	built-ins
[   103.409] (==) ModulePath set to "/usr/lib/xorg/modules"
[   103.409] (II) The server relies on udev to provide the list of input devices.
	If no devices become available, reconfigure udev or disable AutoAddDevices.
[   103.409] (II) Loader magic: 0x55f2427fa020
[   103.409] (II) Module ABI versions:
[   103.409] 	X.Org ANSI C Emulation: 0.4
[   103.409] 	X.Org Video Driver: 24.1
[   103.409] 	X.Org XInput driver : 24.1
[   103.409] 	X.Org Server Extension : 10.0
[   103.412] (++) using VT number 2

[   103.418] (II) systemd-logind: took control of session /org/freedesktop/login1/session/_32
[   103.419] (II) xfree86: Adding drm device (/dev/dri/card1)
[   103.421] (II) systemd-logind: got fd for /dev/dri/card1 226:1 fd 12 paused 0
[   103.421] (II) xfree86: Adding drm device (/dev/dri/card0)
[   103.422] (II) systemd-logind: got fd for /dev/dri/card0 226:0 fd 13 paused 0
[   103.434] (--) PCI:*(0@0:2:0) 8086:0106:1025:0649 rev 9, Mem @ 0xb3000000/4194304, 0xc0000000/268435456, I/O @ 0x00003000/64, BIOS @ 0x????????/131072
[   103.435] (--) PCI: (1@0:0:0) 10de:1140:1025:064a rev 161, Mem @ 0xb2000000/16777216, 0xa0000000/268435456, 0xb0000000/33554432, I/O @ 0x00002000/128
[   103.436] (II) LoadModule: "glx"
[   103.452] (II) Loading /usr/lib/xorg/modules/extensions/libglx.so
[   103.503] (II) Module glx: vendor="X.Org Foundation"
[   103.503] 	compiled for 1.20.9, module version = 1.0.0
[   103.503] 	ABI class: X.Org Server Extension, version 10.0
[   103.574] (==) Matched modesetting as autoconfigured driver 0
[   103.574] (==) Matched fbdev as autoconfigured driver 1
[   103.574] (==) Matched vesa as autoconfigured driver 2
[   103.574] (==) Assigned the driver to the xf86ConfigLayout
[   103.574] (II) LoadModule: "modesetting"
[   103.603] (II) Loading /usr/lib/xorg/modules/drivers/modesetting_drv.so
[   103.674] (II) Module modesetting: vendor="X.Org Foundation"
[   103.674] 	compiled for 1.20.9, module version = 1.20.9
[   103.674] 	Module class: X.Org Video Driver
[   103.674] 	ABI class: X.Org Video Driver, version 24.1
[   103.674] (II) LoadModule: "fbdev"
[   103.675] (II) Loading /usr/lib/xorg/modules/drivers/fbdev_drv.so
[   103.684] (II) Module fbdev: vendor="X.Org Foundation"
[   103.684] 	compiled for 1.20.1, module version = 0.5.0
[   103.684] 	Module class: X.Org Video Driver
[   103.684] 	ABI class: X.Org Video Driver, version 24.0
[   103.684] (II) LoadModule: "vesa"
[   103.685] (II) Loading /usr/lib/xorg/modules/drivers/vesa_drv.so
[   103.694] (II) Module vesa: vendor="X.Org Foundation"
[   103.694] 	compiled for 1.20.4, module version = 2.4.0
[   103.694] 	Module class: X.Org Video Driver
[   103.694] 	ABI class: X.Org Video Driver, version 24.0
[   103.694] (II) modesetting: Driver for Modesetting Kernel Drivers: kms
[   103.694] (II) FBDEV: driver for framebuffer: fbdev
[   103.694] (II) VESA: driver for VESA chipsets: vesa
[   103.694] xf86EnableIOPorts: failed to set IOPL for I/O (Operation not permitted)
[   103.694] (II) modeset(0): using drv /dev/dri/card0
[   103.694] (WW) Falling back to old probe method for fbdev
[   103.694] (II) Loading sub module "fbdevhw"
[   103.694] (II) LoadModule: "fbdevhw"
[   103.694] (II) Loading /usr/lib/xorg/modules/libfbdevhw.so
[   103.710] (II) Module fbdevhw: vendor="X.Org Foundation"
[   103.710] 	compiled for 1.20.9, module version = 0.0.2
[   103.710] 	ABI class: X.Org Video Driver, version 24.1
[   103.710] (EE) open /dev/fb0: Permission denied
[   103.710] (II) modeset(G0): using drv /dev/dri/card1
[   103.710] (WW) VGA arbiter: cannot open kernel arbiter, no multi-card support
[   103.710] (II) modeset(0): Creating default Display subsection in Screen section
	"Default Screen Section" for depth/fbbpp 24/32
[   103.710] (==) modeset(0): Depth 24, (==) framebuffer bpp 32
[   103.710] (==) modeset(0): RGB weight 888
[   103.710] (==) modeset(0): Default visual is TrueColor
[   103.710] (II) Loading sub module "glamoregl"
[   103.710] (II) LoadModule: "glamoregl"
[   103.711] (II) Loading /usr/lib/xorg/modules/libglamoregl.so
[   103.738] (II) Module glamoregl: vendor="X.Org Foundation"
[   103.738] 	compiled for 1.20.9, module version = 1.0.1
[   103.738] 	ABI class: X.Org ANSI C Emulation, version 0.4
[   103.773] (II) modeset(0): glamor X acceleration enabled on Mesa DRI Intel(R) HD Graphics 2000 (SNB GT1)
[   103.773] (II) modeset(0): glamor initialized
[   103.773] (II) modeset(0): Output LVDS-1 has no monitor section
[   103.775] (II) modeset(0): Output VGA-1 has no monitor section
[   103.776] (II) modeset(0): Output HDMI-1 has no monitor section
[   103.777] (II) modeset(0): Output DP-1 has no monitor section
[   103.792] (II) modeset(0): EDID for output LVDS-1
[   103.792] (II) modeset(0): Manufacturer: CMO  Model: 1592  Serial#: 0
[   103.792] (II) modeset(0): Year: 2009  Week: 53
[   103.792] (II) modeset(0): EDID Version: 1.3
[   103.793] (II) modeset(0): Digital Display Input
[   103.793] (II) modeset(0): Max Image Size [cm]: horiz.: 35  vert.: 19
[   103.793] (II) modeset(0): Gamma: 2.20
[   103.793] (II) modeset(0): No DPMS capabilities specified
[   103.793] (II) modeset(0): Supported color encodings: RGB 4:4:4 YCrCb 4:4:4 
[   103.794] (II) modeset(0): First detailed timing is preferred mode
[   103.794] (II) modeset(0): redX: 0.602 redY: 0.340   greenX: 0.306 greenY: 0.530
[   103.794] (II) modeset(0): blueX: 0.151 blueY: 0.120   whiteX: 0.313 whiteY: 0.329
[   103.794] (II) modeset(0): Manufacturer's mask: 0
[   103.794] (II) modeset(0): Supported detailed timing:
[   103.794] (II) modeset(0): clock: 75.0 MHz   Image Size:  344 x 193 mm
[   103.794] (II) modeset(0): h_active: 1366  h_sync: 1426  h_sync_end 1466 h_blank_end 1568 h_border: 0
[   103.794] (II) modeset(0): v_active: 768  v_sync: 772  v_sync_end 778 v_blanking: 797 v_border: 0
[   103.795] (II) modeset(0):  N156B6-L0B
[   103.795] (II) modeset(0):  CMO
[   103.795] (II) modeset(0):  N156B6-L0B
[   103.795] (II) modeset(0): EDID (in hex):
[   103.795] (II) modeset(0): 	00ffffffffffff000daf921500000000
[   103.795] (II) modeset(0): 	35130103802313780a07f59a574e8726
[   103.795] (II) modeset(0): 	1e505400000001010101010101010101
[   103.796] (II) modeset(0): 	0101010101014c1d56ca50001d303c28
[   103.796] (II) modeset(0): 	460058c110000018000000fe004e3135
[   103.796] (II) modeset(0): 	3642362d4c30420a2020000000fe0043
[   103.796] (II) modeset(0): 	4d4f0a202020202020202020000000fe
[   103.796] (II) modeset(0): 	004e31353642362d4c30420a20200023
[   103.796] (II) modeset(0): Printing probed modes for output LVDS-1
[   103.797] (II) modeset(0): Modeline "1366x768"x60.0   75.00  1366 1426 1466 1568  768 772 778 797 -hsync -vsync (47.8 kHz eP)
[   103.797] (II) modeset(0): Modeline "1360x768"x59.8   84.75  1360 1432 1568 1776  768 771 781 798 -hsync +vsync (47.7 kHz d)
[   103.797] (II) modeset(0): Modeline "1360x768"x60.0   72.00  1360 1408 1440 1520  768 771 781 790 +hsync -vsync (47.4 kHz d)
[   103.797] (II) modeset(0): Modeline "1280x720"x120.0  156.12  1280 1376 1512 1744  720 721 724 746 doublescan -hsync +vsync (89.5 kHz d)
[   103.797] (II) modeset(0): Modeline "1280x720"x120.0  120.75  1280 1304 1320 1360  720 721 724 740 doublescan +hsync -vsync (88.8 kHz d)
[   103.797] (II) modeset(0): Modeline "1280x720"x59.9   74.50  1280 1344 1472 1664  720 723 728 748 -hsync +vsync (44.8 kHz d)
[   103.798] (II) modeset(0): Modeline "1280x720"x59.7   63.75  1280 1328 1360 1440  720 723 728 741 +hsync -vsync (44.3 kHz d)
[   103.798] (II) modeset(0): Modeline "1024x768"x120.1  133.47  1024 1100 1212 1400  768 768 770 794 doublescan -hsync +vsync (95.3 kHz d)
[   103.798] (II) modeset(0): Modeline "1024x768"x60.0   65.00  1024 1048 1184 1344  768 771 777 806 -hsync -vsync (48.4 kHz d)
[   103.798] (II) modeset(0): Modeline "960x720"x120.0  117.00  960 1024 1128 1300  720 720 722 750 doublescan -hsync +vsync (90.0 kHz d)
[   103.798] (II) modeset(0): Modeline "928x696"x120.1  109.15  928 976 1088 1264  696 696 698 719 doublescan -hsync +vsync (86.4 kHz d)
[   103.798] (II) modeset(0): Modeline "896x672"x120.0  102.40  896 960 1060 1224  672 672 674 697 doublescan -hsync +vsync (83.7 kHz d)
[   103.798] (II) modeset(0): Modeline "1024x576"x119.9   98.50  1024 1092 1200 1376  576 577 580 597 doublescan -hsync +vsync (71.6 kHz d)
[   103.798] (II) modeset(0): Modeline "1024x576"x119.9   78.38  1024 1048 1064 1104  576 577 580 592 doublescan +hsync -vsync (71.0 kHz d)
[   103.798] (II) modeset(0): Modeline "1024x576"x59.9   46.50  1024 1064 1160 1296  576 579 584 599 -hsync +vsync (35.9 kHz d)
[   103.799] (II) modeset(0): Modeline "1024x576"x59.8   42.00  1024 1072 1104 1184  576 579 584 593 +hsync -vsync (35.5 kHz d)
[   103.799] (II) modeset(0): Modeline "960x600"x119.9   96.62  960 1028 1128 1296  600 601 604 622 doublescan -hsync +vsync (74.6 kHz d)
[   103.799] (II) modeset(0): Modeline "960x600"x120.0   77.00  960 984 1000 1040  600 601 604 617 doublescan +hsync -vsync (74.0 kHz d)
[   103.799] (II) modeset(0): Modeline "960x540"x119.9   86.50  960 1024 1124 1288  540 541 544 560 doublescan -hsync +vsync (67.2 kHz d)
[   103.799] (II) modeset(0): Modeline "960x540"x120.0   69.25  960 984 1000 1040  540 541 544 555 doublescan +hsync -vsync (66.6 kHz d)
[   103.799] (II) modeset(0): Modeline "960x540"x59.6   40.75  960 992 1088 1216  540 543 548 562 -hsync +vsync (33.5 kHz d)
[   103.799] (II) modeset(0): Modeline "960x540"x59.8   37.25  960 1008 1040 1120  540 543 548 556 +hsync -vsync (33.3 kHz d)
[   103.800] (II) modeset(0): Modeline "800x600"x120.0   81.00  800 832 928 1080  600 600 602 625 doublescan +hsync +vsync (75.0 kHz d)
[   103.800] (II) modeset(0): Modeline "800x600"x60.3   40.00  800 840 968 1056  600 601 605 628 +hsync +vsync (37.9 kHz d)
[   103.800] (II) modeset(0): Modeline "800x600"x56.2   36.00  800 824 896 1024  600 601 603 625 +hsync +vsync (35.2 kHz d)
[   103.800] (II) modeset(0): Modeline "840x525"x120.0   73.12  840 892 980 1120  525 526 529 544 doublescan -hsync +vsync (65.3 kHz d)
[   103.800] (II) modeset(0): Modeline "840x525"x119.8   59.50  840 864 880 920  525 526 529 540 doublescan +hsync -vsync (64.7 kHz d)
[   103.800] (II) modeset(0): Modeline "864x486"x59.9   32.50  864 888 968 1072  486 489 494 506 -hsync +vsync (30.3 kHz d)
[   103.800] (II) modeset(0): Modeline "864x486"x59.6   30.50  864 912 944 1024  486 489 494 500 +hsync -vsync (29.8 kHz d)
[   103.801] (II) modeset(0): Modeline "800x512"x120.3   51.56  800 800 828 832  512 512 514 515 doublescan +hsync +vsync (62.0 kHz d)
[   103.801] (II) modeset(0): Modeline "700x525"x120.0   61.00  700 744 820 940  525 526 532 541 doublescan +hsync +vsync (64.9 kHz d)
[   103.801] (II) modeset(0): Modeline "800x450"x119.9   59.12  800 848 928 1056  450 451 454 467 doublescan -hsync +vsync (56.0 kHz d)
[   103.801] (II) modeset(0): Modeline "800x450"x119.6   48.75  800 824 840 880  450 451 454 463 doublescan +hsync -vsync (55.4 kHz d)
[   103.801] (II) modeset(0): Modeline "640x512"x120.0   54.00  640 664 720 844  512 512 514 533 doublescan +hsync +vsync (64.0 kHz d)
[   103.801] (II) modeset(0): Modeline "720x450"x119.8   53.25  720 760 836 952  450 451 454 467 doublescan -hsync +vsync (55.9 kHz d)
[   103.801] (II) modeset(0): Modeline "700x450"x119.9   51.75  700 740 812 924  450 451 456 467 doublescan -hsync +vsync (56.0 kHz d)
[   103.802] (II) modeset(0): Modeline "700x450"x119.8   43.25  700 724 740 780  450 451 456 463 doublescan +hsync -vsync (55.4 kHz d)
[   103.802] (II) modeset(0): Modeline "640x480"x120.0   54.00  640 688 744 900  480 480 482 500 doublescan +hsync +vsync (60.0 kHz d)
[   103.802] (II) modeset(0): Modeline "640x480"x59.9   25.18  640 656 752 800  480 490 492 525 -hsync -vsync (31.5 kHz d)
[   103.802] (II) modeset(0): Modeline "720x405"x59.5   22.50  720 744 808 896  405 408 413 422 -hsync +vsync (25.1 kHz d)
[   103.802] (II) modeset(0): Modeline "720x405"x59.0   21.75  720 768 800 880  405 408 413 419 +hsync -vsync (24.7 kHz d)
[   103.802] (II) modeset(0): Modeline "684x384"x119.8   42.62  684 720 788 892  384 385 390 399 doublescan -hsync +vsync (47.8 kHz d)
[   103.802] (II) modeset(0): Modeline "684x384"x119.7   36.12  684 708 724 764  384 385 390 395 doublescan +hsync -vsync (47.3 kHz d)
[   103.802] (II) modeset(0): Modeline "680x384"x119.6   42.38  680 716 784 888  384 385 390 399 doublescan -hsync +vsync (47.7 kHz d)
[   103.803] (II) modeset(0): Modeline "680x384"x119.9   36.00  680 704 720 760  384 385 390 395 doublescan +hsync -vsync (47.4 kHz d)
[   103.803] (II) modeset(0): Modeline "640x400"x119.8   41.75  640 676 740 840  400 401 404 415 doublescan -hsync +vsync (49.7 kHz d)
[   103.803] (II) modeset(0): Modeline "640x400"x120.0   35.50  640 664 680 720  400 401 404 411 doublescan +hsync -vsync (49.3 kHz d)
[   103.803] (II) modeset(0): Modeline "576x432"x120.1   40.81  576 608 668 760  432 432 434 447 doublescan -hsync +vsync (53.7 kHz d)
[   103.803] (II) modeset(0): Modeline "640x360"x119.7   37.25  640 672 736 832  360 361 364 374 doublescan -hsync +vsync (44.8 kHz d)
[   103.803] (II) modeset(0): Modeline "640x360"x119.7   31.88  640 664 680 720  360 361 364 370 doublescan +hsync -vsync (44.3 kHz d)
[   103.803] (II) modeset(0): Modeline "640x360"x59.8   18.00  640 664 720 800  360 363 368 376 -hsync +vsync (22.5 kHz d)
[   103.803] (II) modeset(0): Modeline "640x360"x59.3   17.75  640 688 720 800  360 363 368 374 +hsync -vsync (22.2 kHz d)
[   103.803] (II) modeset(0): Modeline "512x384"x120.0   32.50  512 524 592 672  384 385 388 403 doublescan -hsync -vsync (48.4 kHz d)
[   103.803] (II) modeset(0): Modeline "512x288"x120.0   23.25  512 532 580 648  288 289 292 299 doublescan -hsync +vsync (35.9 kHz d)
[   103.803] (II) modeset(0): Modeline "512x288"x119.8   21.00  512 536 552 592  288 289 292 296 doublescan +hsync -vsync (35.5 kHz d)
[   103.803] (II) modeset(0): Modeline "480x270"x119.3   20.38  480 496 544 608  270 271 274 281 doublescan -hsync +vsync (33.5 kHz d)
[   103.803] (II) modeset(0): Modeline "480x270"x119.6   18.62  480 504 520 560  270 271 274 278 doublescan +hsync -vsync (33.3 kHz d)
[   103.804] (II) modeset(0): Modeline "400x300"x120.6   20.00  400 420 484 528  300 300 302 314 doublescan +hsync +vsync (37.9 kHz d)
[   103.804] (II) modeset(0): Modeline "400x300"x112.7   18.00  400 412 448 512  300 300 301 312 doublescan +hsync +vsync (35.2 kHz d)
[   103.804] (II) modeset(0): Modeline "432x243"x119.8   16.25  432 444 484 536  243 244 247 253 doublescan -hsync +vsync (30.3 kHz d)
[   103.804] (II) modeset(0): Modeline "432x243"x119.1   15.25  432 456 472 512  243 244 247 250 doublescan +hsync -vsync (29.8 kHz d)
[   103.805] (II) modeset(0): Modeline "320x240"x120.1   12.59  320 328 376 400  240 245 246 262 doublescan -hsync -vsync (31.5 kHz d)
[   103.805] (II) modeset(0): Modeline "360x202"x119.0   11.25  360 372 404 448  202 204 206 211 doublescan -hsync +vsync (25.1 kHz d)
[   103.805] (II) modeset(0): Modeline "360x202"x118.3   10.88  360 384 400 440  202 204 206 209 doublescan +hsync -vsync (24.7 kHz d)
[   103.805] (II) modeset(0): Modeline "320x180"x119.7    9.00  320 332 360 400  180 181 184 188 doublescan -hsync +vsync (22.5 kHz d)
[   103.805] (II) modeset(0): Modeline "320x180"x118.6    8.88  320 344 360 400  180 181 184 187 doublescan +hsync -vsync (22.2 kHz d)
[   103.807] (II) modeset(0): EDID for output VGA-1
[   103.809] (II) modeset(0): EDID for output HDMI-1
[   103.809] (II) modeset(0): EDID for output DP-1
[   103.809] (II) modeset(0): Output LVDS-1 connected
[   103.809] (II) modeset(0): Output VGA-1 disconnected
[   103.810] (II) modeset(0): Output HDMI-1 disconnected
[   103.810] (II) modeset(0): Output DP-1 disconnected
[   103.810] (II) modeset(0): Using exact sizes for initial modes
[   103.810] (II) modeset(0): Output LVDS-1 using initial mode 1366x768 +0+0
[   103.810] (==) modeset(0): Using gamma correction (1.0, 1.0, 1.0)
[   103.810] (==) modeset(0): DPI set to (96, 96)
[   103.810] (II) Loading sub module "fb"
[   103.810] (II) LoadModule: "fb"
[   103.810] (II) Loading /usr/lib/xorg/modules/libfb.so
[   103.820] (II) Module fb: vendor="X.Org Foundation"
[   103.820] 	compiled for 1.20.9, module version = 1.0.0
[   103.820] 	ABI class: X.Org ANSI C Emulation, version 0.4
[   103.821] (==) modeset(G0): Depth 24, (==) framebuffer bpp 32
[   103.821] (==) modeset(G0): RGB weight 888
[   103.821] (==) modeset(G0): Default visual is TrueColor
[   103.821] (II) Loading sub module "glamoregl"
[   103.821] (II) LoadModule: "glamoregl"
[   103.821] (II) Loading /usr/lib/xorg/modules/libglamoregl.so
[   103.821] (II) Module glamoregl: vendor="X.Org Foundation"
[   103.821] 	compiled for 1.20.9, module version = 1.0.1
[   103.821] 	ABI class: X.Org ANSI C Emulation, version 0.4
[   103.862] (II) modeset(G0): glamor X acceleration enabled on NVD7
[   103.862] (II) modeset(G0): glamor initialized
[   103.862] (==) modeset(G0): Using gamma correction (1.0, 1.0, 1.0)
[   103.862] (==) modeset(G0): DPI set to (96, 96)
[   103.862] (II) Loading sub module "fb"
[   103.862] (II) LoadModule: "fb"
[   103.862] (II) Loading /usr/lib/xorg/modules/libfb.so
[   103.862] (II) Module fb: vendor="X.Org Foundation"
[   103.862] 	compiled for 1.20.9, module version = 1.0.0
[   103.862] 	ABI class: X.Org ANSI C Emulation, version 0.4
[   103.862] (II) UnloadModule: "fbdev"
[   103.862] (II) Unloading fbdev
[   103.862] (II) UnloadSubModule: "fbdevhw"
[   103.862] (II) Unloading fbdevhw
[   103.863] (II) UnloadModule: "vesa"
[   103.863] (II) Unloading vesa
[   103.958] (==) modeset(0): Backing store enabled
[   103.958] (==) modeset(0): Silken mouse enabled
[   103.993] (II) modeset(0): Initializing kms color map for depth 24, 8 bpc.
[   103.993] (==) modeset(0): DPMS enabled
[   103.994] (II) modeset(0): [DRI2] Setup complete
[   103.994] (II) modeset(0): [DRI2]   DRI driver: i965
[   103.994] (II) modeset(0): [DRI2]   VDPAU driver: va_gl
[   104.186] (==) modeset(G0): Backing store enabled
[   104.186] (==) modeset(G0): Silken mouse enabled
[   104.186] (II) modeset(G0): Initializing kms color map for depth 24, 8 bpc.
[   104.186] (==) modeset(G0): DPMS enabled
[   104.186] (II) modeset(G0): [DRI2] Setup complete
[   104.186] (II) modeset(G0): [DRI2]   DRI driver: nouveau
[   104.186] (II) modeset(G0): [DRI2]   VDPAU driver: nouveau
[   104.186] (II) Initializing extension Generic Event Extension
[   104.186] (II) Initializing extension SHAPE
[   104.186] (II) Initializing extension MIT-SHM
[   104.186] (II) Initializing extension XInputExtension
[   104.201] (II) Initializing extension XTEST
[   104.202] (II) Initializing extension BIG-REQUESTS
[   104.202] (II) Initializing extension SYNC
[   104.202] (II) Initializing extension XKEYBOARD
[   104.202] (II) Initializing extension XC-MISC
[   104.202] (II) Initializing extension SECURITY
[   104.203] (II) Initializing extension XFIXES
[   104.203] (II) Initializing extension RENDER
[   104.203] (II) Initializing extension RANDR
[   104.203] (II) Initializing extension COMPOSITE
[   104.204] (II) Initializing extension DAMAGE
[   104.204] (II) Initializing extension MIT-SCREEN-SAVER
[   104.204] (II) Initializing extension DOUBLE-BUFFER
[   104.204] (II) Initializing extension RECORD
[   104.204] (II) Initializing extension DPMS
[   104.204] (II) Initializing extension Present
[   104.205] (II) Initializing extension DRI3
[   104.205] (II) Initializing extension X-Resource
[   104.205] (II) Initializing extension XVideo
[   104.205] (II) Initializing extension XVideo-MotionCompensation
[   104.205] (II) Initializing extension SELinux
[   104.205] (II) SELinux: Disabled on system
[   104.205] (II) Initializing extension GLX
[   104.220] (II) AIGLX: Loaded and initialized i965
[   104.220] (II) GLX: Initialized DRI2 GL provider for screen 0
[   104.220] (II) Initializing extension XFree86-VidModeExtension
[   104.220] (II) Initializing extension XFree86-DGA
[   104.220] (II) Initializing extension XFree86-DRI
[   104.220] (II) Initializing extension DRI2
[   104.246] (II) modeset(G0): Damage tracking initialized
[   104.249] (II) modeset(0): Damage tracking initialized
[   104.249] (II) modeset(0): Setting screen physical size to 361 x 203
[   104.319] (II) config/udev: Adding input device Power Button (/dev/input/event3)
[   104.319] (**) Power Button: Applying InputClass "libinput keyboard catchall"
[   104.319] (II) LoadModule: "libinput"
[   104.319] (II) Loading /usr/lib/xorg/modules/input/libinput_drv.so
[   104.339] (II) Module libinput: vendor="X.Org Foundation"
[   104.339] 	compiled for 1.20.4, module version = 0.29.0
[   104.339] 	Module class: X.Org XInput Driver
[   104.339] 	ABI class: X.Org XInput driver, version 24.1
[   104.339] (II) Using input driver 'libinput' for 'Power Button'
[   104.341] (II) systemd-logind: got fd for /dev/input/event3 13:67 fd 27 paused 0
[   104.341] (**) Power Button: always reports core events
[   104.341] (**) Option "Device" "/dev/input/event3"
[   104.341] (**) Option "_source" "server/udev"
[   104.345] (II) event3  - Power Button: is tagged by udev as: Keyboard
[   104.345] (II) event3  - Power Button: device is a keyboard
[   104.345] (II) event3  - Power Button: device removed
[   104.345] (**) Option "config_info" "udev:/sys/devices/LNXSYSTM:00/LNXPWRBN:00/input/input3/event3"
[   104.345] (II) XINPUT: Adding extended input device "Power Button" (type: KEYBOARD, id 6)
[   104.345] (**) Option "xkb_model" "pc105"
[   104.345] (**) Option "xkb_layout" "us"
[   104.347] (II) event3  - Power Button: is tagged by udev as: Keyboard
[   104.347] (II) event3  - Power Button: device is a keyboard
[   104.348] (II) config/udev: Adding input device Video Bus (/dev/input/event8)
[   104.348] (**) Video Bus: Applying InputClass "libinput keyboard catchall"
[   104.348] (II) Using input driver 'libinput' for 'Video Bus'
[   104.352] (II) systemd-logind: got fd for /dev/input/event8 13:72 fd 30 paused 0
[   104.352] (**) Video Bus: always reports core events
[   104.352] (**) Option "Device" "/dev/input/event8"
[   104.353] (**) Option "_source" "server/udev"
[   104.354] (II) event8  - Video Bus: is tagged by udev as: Keyboard
[   104.354] (II) event8  - Video Bus: device is a keyboard
[   104.355] (II) event8  - Video Bus: device removed
[   104.355] (**) Option "config_info" "udev:/sys/devices/LNXSYSTM:00/LNXSYBUS:00/PNP0A08:00/LNXVIDEO:01/input/input9/event8"
[   104.355] (II) XINPUT: Adding extended input device "Video Bus" (type: KEYBOARD, id 7)
[   104.355] (**) Option "xkb_model" "pc105"
[   104.355] (**) Option "xkb_layout" "us"
[   104.357] (II) event8  - Video Bus: is tagged by udev as: Keyboard
[   104.357] (II) event8  - Video Bus: device is a keyboard
[   104.359] (II) config/udev: Adding input device Power Button (/dev/input/event0)
[   104.359] (**) Power Button: Applying InputClass "libinput keyboard catchall"
[   104.359] (II) Using input driver 'libinput' for 'Power Button'
[   104.366] (II) systemd-logind: got fd for /dev/input/event0 13:64 fd 31 paused 0
[   104.366] (**) Power Button: always reports core events
[   104.366] (**) Option "Device" "/dev/input/event0"
[   104.367] (**) Option "_source" "server/udev"
[   104.373] (II) event0  - Power Button: is tagged by udev as: Keyboard
[   104.374] (II) event0  - Power Button: device is a keyboard
[   104.374] (II) event0  - Power Button: device removed
[   104.374] (**) Option "config_info" "udev:/sys/devices/LNXSYSTM:00/LNXSYBUS:00/PNP0A08:00/device:01/PNP0C0C:00/input/input0/event0"
[   104.375] (II) XINPUT: Adding extended input device "Power Button" (type: KEYBOARD, id 8)
[   104.375] (**) Option "xkb_model" "pc105"
[   104.375] (**) Option "xkb_layout" "us"
[   104.377] (II) event0  - Power Button: is tagged by udev as: Keyboard
[   104.377] (II) event0  - Power Button: device is a keyboard
[   104.379] (II) config/udev: Adding input device Lid Switch (/dev/input/event1)
[   104.379] (II) No input driver specified, ignoring this device.
[   104.379] (II) This device may have been added with another device file.
[   104.383] (II) config/udev: Adding input device Sleep Button (/dev/input/event2)
[   104.383] (**) Sleep Button: Applying InputClass "libinput keyboard catchall"
[   104.384] (II) Using input driver 'libinput' for 'Sleep Button'
[   104.387] (II) systemd-logind: got fd for /dev/input/event2 13:66 fd 32 paused 0
[   104.387] (**) Sleep Button: always reports core events
[   104.387] (**) Option "Device" "/dev/input/event2"
[   104.388] (**) Option "_source" "server/udev"
[   104.390] (II) event2  - Sleep Button: is tagged by udev as: Keyboard
[   104.390] (II) event2  - Sleep Button: device is a keyboard
[   104.391] (II) event2  - Sleep Button: device removed
[   104.391] (**) Option "config_info" "udev:/sys/devices/LNXSYSTM:00/LNXSYBUS:00/PNP0A08:00/device:01/PNP0C0E:00/input/input2/event2"
[   104.391] (II) XINPUT: Adding extended input device "Sleep Button" (type: KEYBOARD, id 9)
[   104.391] (**) Option "xkb_model" "pc105"
[   104.392] (**) Option "xkb_layout" "us"
[   104.394] (II) event2  - Sleep Button: is tagged by udev as: Keyboard
[   104.395] (II) event2  - Sleep Button: device is a keyboard
[   104.396] (II) config/udev: Adding input device Video Bus (/dev/input/event7)
[   104.396] (**) Video Bus: Applying InputClass "libinput keyboard catchall"
[   104.396] (II) Using input driver 'libinput' for 'Video Bus'
[   104.398] (II) systemd-logind: got fd for /dev/input/event7 13:71 fd 33 paused 0
[   104.398] (**) Video Bus: always reports core events
[   104.398] (**) Option "Device" "/dev/input/event7"
[   104.399] (**) Option "_source" "server/udev"
[   104.401] (II) event7  - Video Bus: is tagged by udev as: Keyboard
[   104.401] (II) event7  - Video Bus: device is a keyboard
[   104.401] (II) event7  - Video Bus: device removed
[   104.402] (**) Option "config_info" "udev:/sys/devices/LNXSYSTM:00/LNXSYBUS:00/PNP0A08:00/device:36/LNXVIDEO:00/input/input8/event7"
[   104.402] (II) XINPUT: Adding extended input device "Video Bus" (type: KEYBOARD, id 10)
[   104.402] (**) Option "xkb_model" "pc105"
[   104.402] (**) Option "xkb_layout" "us"
[   104.404] (II) event7  - Video Bus: is tagged by udev as: Keyboard
[   104.405] (II) event7  - Video Bus: device is a keyboard
[   104.407] (II) config/udev: Adding input device HD WebCam: HD WebCam (/dev/input/event9)
[   104.407] (**) HD WebCam: HD WebCam: Applying InputClass "libinput keyboard catchall"
[   104.407] (II) Using input driver 'libinput' for 'HD WebCam: HD WebCam'
[   104.409] (II) systemd-logind: got fd for /dev/input/event9 13:73 fd 34 paused 0
[   104.409] (**) HD WebCam: HD WebCam: always reports core events
[   104.409] (**) Option "Device" "/dev/input/event9"
[   104.409] (**) Option "_source" "server/udev"
[   104.412] (II) event9  - HD WebCam: HD WebCam: is tagged by udev as: Keyboard
[   104.413] (II) event9  - HD WebCam: HD WebCam: device is a keyboard
[   104.413] (II) event9  - HD WebCam: HD WebCam: device removed
[   104.413] (**) Option "config_info" "udev:/sys/devices/pci0000:00/0000:00:1a.0/usb1/1-1/1-1.3/1-1.3:1.0/input/input10/event9"
[   104.414] (II) XINPUT: Adding extended input device "HD WebCam: HD WebCam" (type: KEYBOARD, id 11)
[   104.414] (**) Option "xkb_model" "pc105"
[   104.414] (**) Option "xkb_layout" "us"
[   104.417] (II) event9  - HD WebCam: HD WebCam: is tagged by udev as: Keyboard
[   104.418] (II) event9  - HD WebCam: HD WebCam: device is a keyboard
[   104.419] (II) config/udev: Adding input device HDA Intel PCH Mic (/dev/input/event10)
[   104.419] (II) No input driver specified, ignoring this device.
[   104.419] (II) This device may have been added with another device file.
[   104.420] (II) config/udev: Adding input device HDA Intel PCH Headphone (/dev/input/event11)
[   104.420] (II) No input driver specified, ignoring this device.
[   104.421] (II) This device may have been added with another device file.
[   104.422] (II) config/udev: Adding input device HDA Intel PCH HDMI/DP,pcm=3 (/dev/input/event12)
[   104.422] (II) No input driver specified, ignoring this device.
[   104.422] (II) This device may have been added with another device file.
[   104.426] (II) config/udev: Adding input device AT Translated Set 2 keyboard (/dev/input/event4)
[   104.426] (**) AT Translated Set 2 keyboard: Applying InputClass "libinput keyboard catchall"
[   104.426] (II) Using input driver 'libinput' for 'AT Translated Set 2 keyboard'
[   104.428] (II) systemd-logind: got fd for /dev/input/event4 13:68 fd 35 paused 0
[   104.428] (**) AT Translated Set 2 keyboard: always reports core events
[   104.428] (**) Option "Device" "/dev/input/event4"
[   104.430] (**) Option "_source" "server/udev"
[   104.432] (II) event4  - AT Translated Set 2 keyboard: is tagged by udev as: Keyboard
[   104.433] (II) event4  - AT Translated Set 2 keyboard: device is a keyboard
[   104.434] (II) event4  - AT Translated Set 2 keyboard: device removed
[   104.434] (**) Option "config_info" "udev:/sys/devices/platform/i8042/serio0/input/input4/event4"
[   104.434] (II) XINPUT: Adding extended input device "AT Translated Set 2 keyboard" (type: KEYBOARD, id 12)
[   104.434] (**) Option "xkb_model" "pc105"
[   104.435] (**) Option "xkb_layout" "us"
[   104.437] (II) event4  - AT Translated Set 2 keyboard: is tagged by udev as: Keyboard
[   104.438] (II) event4  - AT Translated Set 2 keyboard: device is a keyboard
[   104.440] (II) config/udev: Adding input device ETPS/2 Elantech Touchpad (/dev/input/event5)
[   104.440] (**) ETPS/2 Elantech Touchpad: Applying InputClass "libinput touchpad catchall"
[   104.440] (II) Using input driver 'libinput' for 'ETPS/2 Elantech Touchpad'
[   104.442] (II) systemd-logind: got fd for /dev/input/event5 13:69 fd 36 paused 0
[   104.442] (**) ETPS/2 Elantech Touchpad: always reports core events
[   104.442] (**) Option "Device" "/dev/input/event5"
[   104.442] (**) Option "_source" "server/udev"
[   104.445] (II) event5  - ETPS/2 Elantech Touchpad: is tagged by udev as: Touchpad
[   104.447] (II) event5  - ETPS/2 Elantech Touchpad: device is a touchpad
[   104.447] (II) event5  - ETPS/2 Elantech Touchpad: device removed
[   104.447] (**) Option "config_info" "udev:/sys/devices/platform/i8042/serio1/input/input6/event5"
[   104.448] (II) XINPUT: Adding extended input device "ETPS/2 Elantech Touchpad" (type: TOUCHPAD, id 13)
[   104.449] (**) Option "AccelerationScheme" "none"
[   104.449] (**) ETPS/2 Elantech Touchpad: (accel) selected scheme none/0
[   104.450] (**) ETPS/2 Elantech Touchpad: (accel) acceleration factor: 2.000
[   104.450] (**) ETPS/2 Elantech Touchpad: (accel) acceleration threshold: 4
[   104.452] (II) event5  - ETPS/2 Elantech Touchpad: is tagged by udev as: Touchpad
[   104.453] (II) event5  - ETPS/2 Elantech Touchpad: device is a touchpad
[   104.455] (II) config/udev: Adding input device ETPS/2 Elantech Touchpad (/dev/input/mouse0)
[   104.456] (II) No input driver specified, ignoring this device.
[   104.456] (II) This device may have been added with another device file.
[   104.460] (II) config/udev: Adding input device Acer WMI hotkeys (/dev/input/event6)
[   104.461] (**) Acer WMI hotkeys: Applying InputClass "libinput keyboard catchall"
[   104.461] (II) Using input driver 'libinput' for 'Acer WMI hotkeys'
[   104.462] (II) systemd-logind: got fd for /dev/input/event6 13:70 fd 37 paused 0
[   104.463] (**) Acer WMI hotkeys: always reports core events
[   104.463] (**) Option "Device" "/dev/input/event6"
[   104.463] (**) Option "_source" "server/udev"
[   104.464] (II) event6  - Acer WMI hotkeys: is tagged by udev as: Keyboard
[   104.465] (II) event6  - Acer WMI hotkeys: device is a keyboard
[   104.465] (II) event6  - Acer WMI hotkeys: device removed
[   104.465] (**) Option "config_info" "udev:/sys/devices/virtual/input/input7/event6"
[   104.465] (II) XINPUT: Adding extended input device "Acer WMI hotkeys" (type: KEYBOARD, id 14)
[   104.466] (**) Option "xkb_model" "pc105"
[   104.466] (**) Option "xkb_layout" "us"
[   104.467] (II) event6  - Acer WMI hotkeys: is tagged by udev as: Keyboard
[   104.467] (II) event6  - Acer WMI hotkeys: device is a keyboard
[   106.223] (II) modeset(0): EDID vendor "CMO", prod id 5522
[   106.223] (II) modeset(0): Printing DDC gathered Modelines:
[   106.223] (II) modeset(0): Modeline "1366x768"x0.0   75.00  1366 1426 1466 1568  768 772 778 797 -hsync -vsync (47.8 kHz eP)
[   117.362] (II) Axis 0 value 2009 is outside expected range [-62, 1316]
See https://wayland.freedesktop.org/libinput/doc/1.15.5/absolute_coordinate_ranges.html for details
[  3117.694] (II) Axis 0 value 1320 is outside expected range [-62, 1316]
See https://wayland.freedesktop.org/libinput/doc/1.15.5/absolute_coordinate_ranges.html for details
[  6154.185] (II) Axis 0x1 value -96 is outside expected range [-26, 554]
See https://wayland.freedesktop.org/libinput/doc/1.15.5/absolute_coordinate_ranges.html for details
[  9256.572] (II) Axis 0 value 1330 is outside expected range [-62, 1316]
See https://wayland.freedesktop.org/libinput/doc/1.15.5/absolute_coordinate_ranges.html for details
[ 12260.418] (II) Axis 0 value 1592 is outside expected range [-62, 1316]
See https://wayland.freedesktop.org/libinput/doc/1.15.5/absolute_coordinate_ranges.html for details
